app/build/intermediates/manifest_merge_blame_file/debug/manifest-merger-blame-debug-report.txt
1<?xml version="1.0" encoding="utf-8"?>
2<manifest xmlns:android="http://schemas.android.com/apk/res/android"
3    package="com.example.locals"
4    android:versionCode="1"
5    android:versionName="1.0" >
6
7    <uses-sdk
8        android:minSdkVersion="23"
8-->src/main/AndroidManifest.xml
9        android:targetSdkVersion="33" />
9-->src/main/AndroidManifest.xml
10
11    <!-- Include required permissions for Google Maps API to run. -->
12    <uses-permission android:name="android.permission.ACCESS_NETWORK_STATE" />
12-->[com.google.android.gms:play-services-maps:18.1.0] AndroidManifest.xml:23:5-79
12-->[com.google.android.gms:play-services-maps:18.1.0] AndroidManifest.xml:23:22-76
13    <uses-permission android:name="android.permission.INTERNET" />
13-->[com.google.android.gms:play-services-maps:18.1.0] AndroidManifest.xml:24:5-67
13-->[com.google.android.gms:play-services-maps:18.1.0] AndroidManifest.xml:24:22-64
14
15    <uses-feature
15-->[com.google.android.gms:play-services-maps:18.1.0] AndroidManifest.xml:26:5-28:35
16        android:glEsVersion="0x00020000"
16-->[com.google.android.gms:play-services-maps:18.1.0] AndroidManifest.xml:27:9-41
17        android:required="true" />
17-->[com.google.android.gms:play-services-maps:18.1.0] AndroidManifest.xml:28:9-32
18
19    <queries>
19-->[com.google.android.gms:play-services-maps:18.1.0] AndroidManifest.xml:30:5-34:15
20
21        <!-- Needs to be explicitly declared on Android R+ -->
22        <package android:name="com.google.android.apps.maps" />
22-->[com.google.android.gms:play-services-maps:18.1.0] AndroidManifest.xml:33:9-64
22-->[com.google.android.gms:play-services-maps:18.1.0] AndroidManifest.xml:33:18-61
23    </queries>
24
25    <permission
25-->[androidx.core:core:1.9.0] AndroidManifest.xml:22:5-24:47
26        android:name="com.example.locals.DYNAMIC_RECEIVER_NOT_EXPORTED_PERMISSION"
26-->[androidx.core:core:1.9.0] AndroidManifest.xml:23:9-81
27        android:protectionLevel="signature" />
27-->[androidx.core:core:1.9.0] AndroidManifest.xml:24:9-44
28
29    <uses-permission android:name="com.example.locals.DYNAMIC_RECEIVER_NOT_EXPORTED_PERMISSION" />
29-->[androidx.core:core:1.9.0] AndroidManifest.xml:26:5-97
29-->[androidx.core:core:1.9.0] AndroidManifest.xml:26:22-94
30
31    <application
31-->src/main/AndroidManifest.xml:5:5-33:19
32        android:allowBackup="true"
32-->src/main/AndroidManifest.xml:6:9-35
33        android:appComponentFactory="androidx.core.app.CoreComponentFactory"
33-->[androidx.core:core:1.9.0] AndroidManifest.xml:28:18-86
34        android:dataExtractionRules="@xml/data_extraction_rules"
34-->src/main/AndroidManifest.xml:7:9-65
35        android:debuggable="true"
36        android:extractNativeLibs="false"
37        android:fullBackupContent="@xml/backup_rules"
37-->src/main/AndroidManifest.xml:8:9-54
38        android:icon="@mipmap/ic_launcher"
38-->src/main/AndroidManifest.xml:9:9-43
39        android:label="@string/app_name"
39-->src/main/AndroidManifest.xml:10:9-41
40        android:roundIcon="@mipmap/ic_launcher_round"
40-->src/main/AndroidManifest.xml:11:9-54
41        android:supportsRtl="true"
41-->src/main/AndroidManifest.xml:12:9-35
42        android:testOnly="true"
43        android:theme="@style/Theme.Locals" >
43-->src/main/AndroidManifest.xml:13:9-44
44        <activity
44-->src/main/AndroidManifest.xml:15:9-32:20
45            android:name="com.example.locals.MainActivity"
45-->src/main/AndroidManifest.xml:16:13-41
46            android:exported="true"
46-->src/main/AndroidManifest.xml:17:13-36
47            android:theme="@style/Theme.Locals" >
47-->src/main/AndroidManifest.xml:18:13-48
48            <intent-filter>
48-->src/main/AndroidManifest.xml:19:13-23:29
49                <action android:name="android.intent.action.MAIN" />
49-->src/main/AndroidManifest.xml:20:17-69
49-->src/main/AndroidManifest.xml:20:25-66
50
51                <category android:name="android.intent.category.LAUNCHER" />
51-->src/main/AndroidManifest.xml:22:17-77
51-->src/main/AndroidManifest.xml:22:27-74
52            </intent-filter>
53
54            <meta-data
54-->src/main/AndroidManifest.xml:25:13-27:75
55                android:name="com.google.android.geo.API_KEY"
55-->src/main/AndroidManifest.xml:26:17-62
56                android:value="AIzaSyCNr9gOl6V7Wo7x84ULrBy3s_hDjE1uwk0" />
56-->src/main/AndroidManifest.xml:27:17-72
57            <meta-data
57-->src/main/AndroidManifest.xml:29:13-31:36
58                android:name="android.app.lib_name"
58-->src/main/AndroidManifest.xml:30:17-52
59                android:value="" />
59-->src/main/AndroidManifest.xml:31:17-33
60        </activity>
61        <!-- Needs to be explicitly declared on P+ -->
62        <uses-library
62-->[com.google.android.gms:play-services-maps:18.1.0] AndroidManifest.xml:39:9-41:40
63            android:name="org.apache.http.legacy"
63-->[com.google.android.gms:play-services-maps:18.1.0] AndroidManifest.xml:40:13-50
64            android:required="false" />
64-->[com.google.android.gms:play-services-maps:18.1.0] AndroidManifest.xml:41:13-37
65
66        <activity
66-->[com.google.android.gms:play-services-base:18.0.1] AndroidManifest.xml:20:9-22:45
67            android:name="com.google.android.gms.common.api.GoogleApiActivity"
67-->[com.google.android.gms:play-services-base:18.0.1] AndroidManifest.xml:20:19-85
68            android:exported="false"
68-->[com.google.android.gms:play-services-base:18.0.1] AndroidManifest.xml:22:19-43
69            android:theme="@android:style/Theme.Translucent.NoTitleBar" />
69-->[com.google.android.gms:play-services-base:18.0.1] AndroidManifest.xml:21:19-78
70
71        <meta-data
71-->[com.google.android.gms:play-services-basement:18.0.0] AndroidManifest.xml:21:9-23:69
72            android:name="com.google.android.gms.version"
72-->[com.google.android.gms:play-services-basement:18.0.0] AndroidManifest.xml:22:13-58
73            android:value="@integer/google_play_services_version" />
73-->[com.google.android.gms:play-services-basement:18.0.0] AndroidManifest.xml:23:13-66
74
75        <uses-library
75-->[androidx.window:window:1.0.0] AndroidManifest.xml:25:9-27:40
76            android:name="androidx.window.extensions"
76-->[androidx.window:window:1.0.0] AndroidManifest.xml:26:13-54
77            android:required="false" />
77-->[androidx.window:window:1.0.0] AndroidManifest.xml:27:13-37
78        <uses-library
78-->[androidx.window:window:1.0.0] AndroidManifest.xml:28:9-30:40
79            android:name="androidx.window.sidecar"
79-->[androidx.window:window:1.0.0] AndroidManifest.xml:29:13-51
80            android:required="false" />
80-->[androidx.window:window:1.0.0] AndroidManifest.xml:30:13-37
81
82        <provider
82-->[androidx.emoji2:emoji2:1.2.0] AndroidManifest.xml:24:9-32:20
83            android:name="androidx.startup.InitializationProvider"
83-->[androidx.emoji2:emoji2:1.2.0] AndroidManifest.xml:25:13-67
84            android:authorities="com.example.locals.androidx-startup"
84-->[androidx.emoji2:emoji2:1.2.0] AndroidManifest.xml:26:13-68
85            android:exported="false" >
85-->[androidx.emoji2:emoji2:1.2.0] AndroidManifest.xml:27:13-37
86            <meta-data
86-->[androidx.emoji2:emoji2:1.2.0] AndroidManifest.xml:29:13-31:52
87                android:name="androidx.emoji2.text.EmojiCompatInitializer"
87-->[androidx.emoji2:emoji2:1.2.0] AndroidManifest.xml:30:17-75
88                android:value="androidx.startup" />
88-->[androidx.emoji2:emoji2:1.2.0] AndroidManifest.xml:31:17-49
89            <meta-data
89-->[androidx.lifecycle:lifecycle-process:2.4.1] AndroidManifest.xml:31:13-33:52
90                android:name="androidx.lifecycle.ProcessLifecycleInitializer"
90-->[androidx.lifecycle:lifecycle-process:2.4.1] AndroidManifest.xml:32:17-78
91                android:value="androidx.startup" />
91-->[androidx.lifecycle:lifecycle-process:2.4.1] AndroidManifest.xml:33:17-49
92            <meta-data
92-->[androidx.profileinstaller:profileinstaller:1.2.0] AndroidManifest.xml:30:13-32:52
93                android:name="androidx.profileinstaller.ProfileInstallerInitializer"
93-->[androidx.profileinstaller:profileinstaller:1.2.0] AndroidManifest.xml:31:17-85
94                android:value="androidx.startup" />
94-->[androidx.profileinstaller:profileinstaller:1.2.0] AndroidManifest.xml:32:17-49
95        </provider>
96
97        <receiver
97-->[androidx.profileinstaller:profileinstaller:1.2.0] AndroidManifest.xml:35:9-47:20
98            android:name="androidx.profileinstaller.ProfileInstallReceiver"
98-->[androidx.profileinstaller:profileinstaller:1.2.0] AndroidManifest.xml:36:13-76
99            android:directBootAware="false"
99-->[androidx.profileinstaller:profileinstaller:1.2.0] AndroidManifest.xml:37:13-44
100            android:enabled="true"
100-->[androidx.profileinstaller:profileinstaller:1.2.0] AndroidManifest.xml:38:13-35
101            android:exported="true"
101-->[androidx.profileinstaller:profileinstaller:1.2.0] AndroidManifest.xml:39:13-36
102            android:permission="android.permission.DUMP" >
102-->[androidx.profileinstaller:profileinstaller:1.2.0] AndroidManifest.xml:40:13-57
103            <intent-filter>
103-->[androidx.profileinstaller:profileinstaller:1.2.0] AndroidManifest.xml:41:13-43:29
104                <action android:name="androidx.profileinstaller.action.INSTALL_PROFILE" />
104-->[androidx.profileinstaller:profileinstaller:1.2.0] AndroidManifest.xml:42:17-91
104-->[androidx.profileinstaller:profileinstaller:1.2.0] AndroidManifest.xml:42:25-88
105            </intent-filter>
106            <intent-filter>
106-->[androidx.profileinstaller:profileinstaller:1.2.0] AndroidManifest.xml:44:13-46:29
107                <action android:name="androidx.profileinstaller.action.SKIP_FILE" />
107-->[androidx.profileinstaller:profileinstaller:1.2.0] AndroidManifest.xml:45:17-85
107-->[androidx.profileinstaller:profileinstaller:1.2.0] AndroidManifest.xml:45:25-82
108            </intent-filter>
109        </receiver>
110    </application>
111
112</manifest>